2023-02-12 20:20:32,872 - PROYECTO 1, FASE 1 SEMINARIO DE SISTEMAS 1 - GRUPO D - INFO - Iniciando nuestra aplicacion
2023-02-12 20:20:32,873 - PROYECTO 1, FASE 1 SEMINARIO DE SISTEMAS 1 - GRUPO D - INFO - ------------------------------ CONNECTION_STRING: ------------------------------
2023-02-12 20:20:32,873 - PROYECTO 1, FASE 1 SEMINARIO DE SISTEMAS 1 - GRUPO D - INFO - Iniciando la realizacion de la conexion
2023-02-12 20:23:13,201 - PROYECTO 1, FASE 1 SEMINARIO DE SISTEMAS 1 - GRUPO D - INFO - Iniciando nuestra aplicacion
2023-02-12 20:23:13,201 - PROYECTO 1, FASE 1 SEMINARIO DE SISTEMAS 1 - GRUPO D - INFO - ------------------------------ CONNECTION_STRING: ------------------------------
2023-02-12 20:23:13,201 - PROYECTO 1, FASE 1 SEMINARIO DE SISTEMAS 1 - GRUPO D - INFO - Iniciando la realizacion de la conexion
2023-02-12 20:25:32,676 - PROYECTO 1, FASE 1 SEMINARIO DE SISTEMAS 1 - GRUPO D - INFO - Iniciando nuestra aplicacion
2023-02-12 20:25:32,676 - PROYECTO 1, FASE 1 SEMINARIO DE SISTEMAS 1 - GRUPO D - INFO - ------------------------------ CONNECTION_STRING: ------------------------------
2023-02-12 20:25:32,676 - PROYECTO 1, FASE 1 SEMINARIO DE SISTEMAS 1 - GRUPO D - INFO - Iniciando la realizacion de la conexion
2023-02-12 20:25:39,953 - PROYECTO 1, FASE 1 SEMINARIO DE SISTEMAS 1 - GRUPO D - INFO - Iniciando nuestra aplicacion
2023-02-12 20:25:39,953 - PROYECTO 1, FASE 1 SEMINARIO DE SISTEMAS 1 - GRUPO D - INFO - ------------------------------ CONNECTION_STRING: ------------------------------
2023-02-12 20:25:39,953 - PROYECTO 1, FASE 1 SEMINARIO DE SISTEMAS 1 - GRUPO D - INFO - Iniciando la realizacion de la conexion
2023-02-12 20:28:09,179 - PROYECTO 1, FASE 1 SEMINARIO DE SISTEMAS 1 - GRUPO D - INFO - Iniciando nuestra aplicacion
2023-02-12 20:28:09,179 - PROYECTO 1, FASE 1 SEMINARIO DE SISTEMAS 1 - GRUPO D - INFO - ------------------------------ CONNECTION_STRING: ------------------------------
2023-02-12 20:28:09,179 - PROYECTO 1, FASE 1 SEMINARIO DE SISTEMAS 1 - GRUPO D - INFO - Iniciando la realizacion de la conexion
2023-02-12 20:28:44,632 - PROYECTO 1, FASE 1 SEMINARIO DE SISTEMAS 1 - GRUPO D - INFO - Iniciando nuestra aplicacion
2023-02-12 20:28:44,632 - PROYECTO 1, FASE 1 SEMINARIO DE SISTEMAS 1 - GRUPO D - INFO - ------------------------------ CONNECTION_STRING: ------------------------------
2023-02-12 20:28:44,632 - PROYECTO 1, FASE 1 SEMINARIO DE SISTEMAS 1 - GRUPO D - INFO - Iniciando la realizacion de la conexion
2023-02-12 20:28:52,637 - PROYECTO 1, FASE 1 SEMINARIO DE SISTEMAS 1 - GRUPO D - INFO - Iniciando nuestra aplicacion
2023-02-12 20:28:52,637 - PROYECTO 1, FASE 1 SEMINARIO DE SISTEMAS 1 - GRUPO D - INFO - ------------------------------ CONNECTION_STRING: ------------------------------
2023-02-12 20:28:52,637 - PROYECTO 1, FASE 1 SEMINARIO DE SISTEMAS 1 - GRUPO D - INFO - Iniciando la realizacion de la conexion
2023-02-12 20:34:50,658 - PROYECTO 1, FASE 1 SEMINARIO DE SISTEMAS 1 - GRUPO D - INFO - Iniciando nuestra aplicacion
2023-02-12 20:34:50,659 - PROYECTO 1, FASE 1 SEMINARIO DE SISTEMAS 1 - GRUPO D - INFO - ------------------------------ CONNECTION_STRING: ------------------------------
2023-02-12 20:34:50,659 - PROYECTO 1, FASE 1 SEMINARIO DE SISTEMAS 1 - GRUPO D - INFO - Iniciando la realizacion de la conexion
2023-02-12 20:34:51,573 - PROYECTO 1, FASE 1 SEMINARIO DE SISTEMAS 1 - GRUPO D - INFO - Conexion realizada exitosamente
2023-02-12 20:38:31,504 - PROYECTO 1, FASE 1 SEMINARIO DE SISTEMAS 1 - GRUPO D - INFO - Iniciando nuestra aplicacion
2023-02-12 20:38:31,505 - PROYECTO 1, FASE 1 SEMINARIO DE SISTEMAS 1 - GRUPO D - INFO - ------------------------------ CONNECTION_STRING: ------------------------------
2023-02-12 20:38:31,505 - PROYECTO 1, FASE 1 SEMINARIO DE SISTEMAS 1 - GRUPO D - INFO - Iniciando la realizacion de la conexion
2023-02-12 20:38:31,570 - PROYECTO 1, FASE 1 SEMINARIO DE SISTEMAS 1 - GRUPO D - INFO - Conexion realizada exitosamente
2023-02-12 20:45:18,180 - PROYECTO 1, FASE 1 SEMINARIO DE SISTEMAS 1 - GRUPO D - INFO - Iniciando nuestra aplicacion
2023-02-12 20:45:18,180 - PROYECTO 1, FASE 1 SEMINARIO DE SISTEMAS 1 - GRUPO D - INFO - ------------------------------ CONNECTION_STRING: ------------------------------
2023-02-12 20:45:18,181 - PROYECTO 1, FASE 1 SEMINARIO DE SISTEMAS 1 - GRUPO D - INFO - Iniciando la realizacion de la conexion
2023-02-12 20:45:18,252 - PROYECTO 1, FASE 1 SEMINARIO DE SISTEMAS 1 - GRUPO D - INFO - Conexion realizada exitosamente
2023-02-12 20:45:21,404 - PROYECTO 1, FASE 1 SEMINARIO DE SISTEMAS 1 - GRUPO D - INFO - Paises con mayor inflacion de la historia
2023-02-12 20:45:21,416 - PROYECTO 1, FASE 1 SEMINARIO DE SISTEMAS 1 - GRUPO D - ERROR - ('42000', "[42000] [Microsoft][ODBC Driver 17 for SQL Server][SQL Server]Incorrect syntax near '*'. (102) (SQLExecDirectW)")
2023-02-12 20:47:28,153 - PROYECTO 1, FASE 1 SEMINARIO DE SISTEMAS 1 - GRUPO D - INFO - Iniciando nuestra aplicacion
2023-02-12 20:47:28,153 - PROYECTO 1, FASE 1 SEMINARIO DE SISTEMAS 1 - GRUPO D - INFO - ------------------------------ CONNECTION_STRING: ------------------------------
2023-02-12 20:47:28,154 - PROYECTO 1, FASE 1 SEMINARIO DE SISTEMAS 1 - GRUPO D - INFO - Iniciando la realizacion de la conexion
2023-02-12 20:47:28,220 - PROYECTO 1, FASE 1 SEMINARIO DE SISTEMAS 1 - GRUPO D - INFO - Conexion realizada exitosamente
2023-02-12 20:47:31,296 - PROYECTO 1, FASE 1 SEMINARIO DE SISTEMAS 1 - GRUPO D - ERROR - ('42000', "[42000] [Microsoft][ODBC Driver 17 for SQL Server][SQL Server]Incorrect syntax near '*'. (102) (SQLExecDirectW)")
2023-02-12 20:48:24,527 - PROYECTO 1, FASE 1 SEMINARIO DE SISTEMAS 1 - GRUPO D - INFO - Iniciando nuestra aplicacion
2023-02-12 20:48:24,527 - PROYECTO 1, FASE 1 SEMINARIO DE SISTEMAS 1 - GRUPO D - INFO - ------------------------------ CONNECTION_STRING: ------------------------------
2023-02-12 20:48:24,527 - PROYECTO 1, FASE 1 SEMINARIO DE SISTEMAS 1 - GRUPO D - INFO - Iniciando la realizacion de la conexion
2023-02-12 20:48:24,574 - PROYECTO 1, FASE 1 SEMINARIO DE SISTEMAS 1 - GRUPO D - INFO - Conexion realizada exitosamente
2023-02-12 20:48:26,227 - PROYECTO 1, FASE 1 SEMINARIO DE SISTEMAS 1 - GRUPO D - ERROR - ('42000', "[42000] [Microsoft][ODBC Driver 17 for SQL Server][SQL Server]Incorrect syntax near '*'. (102) (SQLExecDirectW)")
2023-02-12 20:50:16,716 - PROYECTO 1, FASE 1 SEMINARIO DE SISTEMAS 1 - GRUPO D - INFO - Iniciando nuestra aplicacion
2023-02-12 20:50:16,717 - PROYECTO 1, FASE 1 SEMINARIO DE SISTEMAS 1 - GRUPO D - INFO - ------------------------------ CONNECTION_STRING: ------------------------------
2023-02-12 20:50:16,717 - PROYECTO 1, FASE 1 SEMINARIO DE SISTEMAS 1 - GRUPO D - INFO - Iniciando la realizacion de la conexion
2023-02-12 20:50:16,770 - PROYECTO 1, FASE 1 SEMINARIO DE SISTEMAS 1 - GRUPO D - INFO - Conexion realizada exitosamente
2023-02-12 20:50:17,800 - PROYECTO 1, FASE 1 SEMINARIO DE SISTEMAS 1 - GRUPO D - ERROR - ('42000', "[42000] [Microsoft][ODBC Driver 17 for SQL Server][SQL Server]Incorrect syntax near '*'. (102) (SQLExecDirectW)")
2023-02-12 20:51:08,026 - PROYECTO 1, FASE 1 SEMINARIO DE SISTEMAS 1 - GRUPO D - INFO - Iniciando nuestra aplicacion
2023-02-12 20:51:08,027 - PROYECTO 1, FASE 1 SEMINARIO DE SISTEMAS 1 - GRUPO D - INFO - ------------------------------ CONNECTION_STRING: ------------------------------
2023-02-12 20:51:08,027 - PROYECTO 1, FASE 1 SEMINARIO DE SISTEMAS 1 - GRUPO D - INFO - Iniciando la realizacion de la conexion
2023-02-12 20:51:08,070 - PROYECTO 1, FASE 1 SEMINARIO DE SISTEMAS 1 - GRUPO D - INFO - Conexion realizada exitosamente
2023-02-12 20:51:11,360 - PROYECTO 1, FASE 1 SEMINARIO DE SISTEMAS 1 - GRUPO D - ERROR - ('42000', "[42000] [Microsoft][ODBC Driver 17 for SQL Server][SQL Server]Incorrect syntax near '*'. (102) (SQLExecDirectW)")
2023-02-12 20:51:22,002 - PROYECTO 1, FASE 1 SEMINARIO DE SISTEMAS 1 - GRUPO D - INFO - Iniciando nuestra aplicacion
2023-02-12 20:51:22,002 - PROYECTO 1, FASE 1 SEMINARIO DE SISTEMAS 1 - GRUPO D - INFO - ------------------------------ CONNECTION_STRING: ------------------------------
2023-02-12 20:51:22,002 - PROYECTO 1, FASE 1 SEMINARIO DE SISTEMAS 1 - GRUPO D - INFO - Iniciando la realizacion de la conexion
2023-02-12 20:51:22,066 - PROYECTO 1, FASE 1 SEMINARIO DE SISTEMAS 1 - GRUPO D - INFO - Conexion realizada exitosamente
2023-02-12 20:51:23,611 - PROYECTO 1, FASE 1 SEMINARIO DE SISTEMAS 1 - GRUPO D - ERROR - ('42000', "[42000] [Microsoft][ODBC Driver 17 for SQL Server][SQL Server]Incorrect syntax near '*'. (102) (SQLExecDirectW)")
2023-02-12 20:53:41,674 - PROYECTO 1, FASE 1 SEMINARIO DE SISTEMAS 1 - GRUPO D - INFO - Iniciando nuestra aplicacion
2023-02-12 20:53:41,675 - PROYECTO 1, FASE 1 SEMINARIO DE SISTEMAS 1 - GRUPO D - INFO - ------------------------------ CONNECTION_STRING: ------------------------------
2023-02-12 20:53:41,675 - PROYECTO 1, FASE 1 SEMINARIO DE SISTEMAS 1 - GRUPO D - INFO - Iniciando la realizacion de la conexion
2023-02-12 20:53:41,737 - PROYECTO 1, FASE 1 SEMINARIO DE SISTEMAS 1 - GRUPO D - INFO - Conexion realizada exitosamente
2023-02-12 20:53:44,204 - PROYECTO 1, FASE 1 SEMINARIO DE SISTEMAS 1 - GRUPO D - ERROR - 2 columns passed, passed data had 1 columns
2023-02-12 20:54:42,172 - PROYECTO 1, FASE 1 SEMINARIO DE SISTEMAS 1 - GRUPO D - INFO - Iniciando nuestra aplicacion
2023-02-12 20:54:42,172 - PROYECTO 1, FASE 1 SEMINARIO DE SISTEMAS 1 - GRUPO D - INFO - ------------------------------ CONNECTION_STRING: ------------------------------
2023-02-12 20:54:42,172 - PROYECTO 1, FASE 1 SEMINARIO DE SISTEMAS 1 - GRUPO D - INFO - Iniciando la realizacion de la conexion
2023-02-12 20:54:42,234 - PROYECTO 1, FASE 1 SEMINARIO DE SISTEMAS 1 - GRUPO D - INFO - Conexion realizada exitosamente
2023-02-12 20:54:44,675 - PROYECTO 1, FASE 1 SEMINARIO DE SISTEMAS 1 - GRUPO D - ERROR - [Errno 13] Permission denied: '/resultado1.csv'
2023-02-12 20:55:43,862 - PROYECTO 1, FASE 1 SEMINARIO DE SISTEMAS 1 - GRUPO D - INFO - Iniciando nuestra aplicacion
2023-02-12 20:55:43,862 - PROYECTO 1, FASE 1 SEMINARIO DE SISTEMAS 1 - GRUPO D - INFO - ------------------------------ CONNECTION_STRING: ------------------------------
2023-02-12 20:55:43,862 - PROYECTO 1, FASE 1 SEMINARIO DE SISTEMAS 1 - GRUPO D - INFO - Iniciando la realizacion de la conexion
2023-02-12 20:55:43,921 - PROYECTO 1, FASE 1 SEMINARIO DE SISTEMAS 1 - GRUPO D - INFO - Conexion realizada exitosamente
2023-02-12 20:55:45,621 - PROYECTO 1, FASE 1 SEMINARIO DE SISTEMAS 1 - GRUPO D - ERROR - [Errno 13] Permission denied: '/resultado1.csv'
2023-02-12 20:56:33,101 - PROYECTO 1, FASE 1 SEMINARIO DE SISTEMAS 1 - GRUPO D - INFO - Iniciando nuestra aplicacion
2023-02-12 20:56:33,101 - PROYECTO 1, FASE 1 SEMINARIO DE SISTEMAS 1 - GRUPO D - INFO - ------------------------------ CONNECTION_STRING: ------------------------------
2023-02-12 20:56:33,101 - PROYECTO 1, FASE 1 SEMINARIO DE SISTEMAS 1 - GRUPO D - INFO - Iniciando la realizacion de la conexion
2023-02-12 20:56:33,152 - PROYECTO 1, FASE 1 SEMINARIO DE SISTEMAS 1 - GRUPO D - INFO - Conexion realizada exitosamente
2023-02-12 20:57:39,519 - PROYECTO 1, FASE 1 SEMINARIO DE SISTEMAS 1 - GRUPO D - INFO - Iniciando nuestra aplicacion
2023-02-12 20:57:39,519 - PROYECTO 1, FASE 1 SEMINARIO DE SISTEMAS 1 - GRUPO D - INFO - ------------------------------ CONNECTION_STRING: ------------------------------
2023-02-12 20:57:39,519 - PROYECTO 1, FASE 1 SEMINARIO DE SISTEMAS 1 - GRUPO D - INFO - Iniciando la realizacion de la conexion
2023-02-12 20:57:39,573 - PROYECTO 1, FASE 1 SEMINARIO DE SISTEMAS 1 - GRUPO D - INFO - Conexion realizada exitosamente
2023-02-12 20:57:41,853 - PROYECTO 1, FASE 1 SEMINARIO DE SISTEMAS 1 - GRUPO D - ERROR - ('42000', "[42000] [Microsoft][ODBC Driver 17 for SQL Server][SQL Server]Incorrect syntax near '*'. (102) (SQLExecDirectW)")
2023-02-12 20:58:03,607 - PROYECTO 1, FASE 1 SEMINARIO DE SISTEMAS 1 - GRUPO D - INFO - Iniciando nuestra aplicacion
2023-02-12 20:58:03,607 - PROYECTO 1, FASE 1 SEMINARIO DE SISTEMAS 1 - GRUPO D - INFO - ------------------------------ CONNECTION_STRING: ------------------------------
2023-02-12 20:58:03,607 - PROYECTO 1, FASE 1 SEMINARIO DE SISTEMAS 1 - GRUPO D - INFO - Iniciando la realizacion de la conexion
2023-02-12 20:58:03,663 - PROYECTO 1, FASE 1 SEMINARIO DE SISTEMAS 1 - GRUPO D - INFO - Conexion realizada exitosamente
2023-02-12 20:58:06,742 - PROYECTO 1, FASE 1 SEMINARIO DE SISTEMAS 1 - GRUPO D - ERROR - ('42000', "[42000] [Microsoft][ODBC Driver 17 for SQL Server][SQL Server]Incorrect syntax near '*'. (102) (SQLExecDirectW)")
2023-02-12 20:58:36,549 - PROYECTO 1, FASE 1 SEMINARIO DE SISTEMAS 1 - GRUPO D - INFO - Iniciando nuestra aplicacion
2023-02-12 20:58:36,549 - PROYECTO 1, FASE 1 SEMINARIO DE SISTEMAS 1 - GRUPO D - INFO - ------------------------------ CONNECTION_STRING: ------------------------------
2023-02-12 20:58:36,549 - PROYECTO 1, FASE 1 SEMINARIO DE SISTEMAS 1 - GRUPO D - INFO - Iniciando la realizacion de la conexion
2023-02-12 20:58:36,621 - PROYECTO 1, FASE 1 SEMINARIO DE SISTEMAS 1 - GRUPO D - INFO - Conexion realizada exitosamente
2023-02-12 20:59:16,699 - PROYECTO 1, FASE 1 SEMINARIO DE SISTEMAS 1 - GRUPO D - INFO - Iniciando nuestra aplicacion
2023-02-12 20:59:16,699 - PROYECTO 1, FASE 1 SEMINARIO DE SISTEMAS 1 - GRUPO D - INFO - ------------------------------ CONNECTION_STRING: ------------------------------
2023-02-12 20:59:16,699 - PROYECTO 1, FASE 1 SEMINARIO DE SISTEMAS 1 - GRUPO D - INFO - Iniciando la realizacion de la conexion
2023-02-12 20:59:16,756 - PROYECTO 1, FASE 1 SEMINARIO DE SISTEMAS 1 - GRUPO D - INFO - Conexion realizada exitosamente
2023-02-12 20:59:54,379 - PROYECTO 1, FASE 1 SEMINARIO DE SISTEMAS 1 - GRUPO D - INFO - Iniciando nuestra aplicacion
2023-02-12 20:59:54,380 - PROYECTO 1, FASE 1 SEMINARIO DE SISTEMAS 1 - GRUPO D - INFO - ------------------------------ CONNECTION_STRING: ------------------------------
2023-02-12 20:59:54,380 - PROYECTO 1, FASE 1 SEMINARIO DE SISTEMAS 1 - GRUPO D - INFO - Iniciando la realizacion de la conexion
2023-02-12 20:59:54,424 - PROYECTO 1, FASE 1 SEMINARIO DE SISTEMAS 1 - GRUPO D - INFO - Conexion realizada exitosamente
2023-02-12 21:06:09,495 - PROYECTO 1, FASE 1 SEMINARIO DE SISTEMAS 1 - GRUPO D - INFO - Iniciando nuestra aplicacion
2023-02-12 21:06:09,495 - PROYECTO 1, FASE 1 SEMINARIO DE SISTEMAS 1 - GRUPO D - INFO - ------------------------------ CONNECTION_STRING: ------------------------------
2023-02-12 21:06:09,495 - PROYECTO 1, FASE 1 SEMINARIO DE SISTEMAS 1 - GRUPO D - INFO - Iniciando la realizacion de la conexion
2023-02-12 21:06:09,542 - PROYECTO 1, FASE 1 SEMINARIO DE SISTEMAS 1 - GRUPO D - INFO - Conexion realizada exitosamente
2023-02-12 21:06:57,990 - PROYECTO 1, FASE 1 SEMINARIO DE SISTEMAS 1 - GRUPO D - INFO - Iniciando nuestra aplicacion
2023-02-12 21:06:57,990 - PROYECTO 1, FASE 1 SEMINARIO DE SISTEMAS 1 - GRUPO D - INFO - ------------------------------ CONNECTION_STRING: ------------------------------
2023-02-12 21:06:57,990 - PROYECTO 1, FASE 1 SEMINARIO DE SISTEMAS 1 - GRUPO D - INFO - Iniciando la realizacion de la conexion
2023-02-12 21:06:58,033 - PROYECTO 1, FASE 1 SEMINARIO DE SISTEMAS 1 - GRUPO D - INFO - Conexion realizada exitosamente
2023-02-12 21:07:10,623 - PROYECTO 1, FASE 1 SEMINARIO DE SISTEMAS 1 - GRUPO D - INFO - Fin de aplicación
2023-02-12 21:07:49,127 - PROYECTO 1, FASE 1 SEMINARIO DE SISTEMAS 1 - GRUPO D - INFO - Iniciando nuestra aplicacion
2023-02-12 21:07:49,127 - PROYECTO 1, FASE 1 SEMINARIO DE SISTEMAS 1 - GRUPO D - INFO - ------------------------------ CONNECTION_STRING: ------------------------------
2023-02-12 21:07:49,127 - PROYECTO 1, FASE 1 SEMINARIO DE SISTEMAS 1 - GRUPO D - INFO - Iniciando la realizacion de la conexion
2023-02-12 21:07:49,169 - PROYECTO 1, FASE 1 SEMINARIO DE SISTEMAS 1 - GRUPO D - INFO - Conexion realizada exitosamente
2023-02-12 21:08:17,722 - PROYECTO 1, FASE 1 SEMINARIO DE SISTEMAS 1 - GRUPO D - INFO - Iniciando nuestra aplicacion
2023-02-12 21:08:17,722 - PROYECTO 1, FASE 1 SEMINARIO DE SISTEMAS 1 - GRUPO D - INFO - ------------------------------ CONNECTION_STRING: ------------------------------
2023-02-12 21:08:17,722 - PROYECTO 1, FASE 1 SEMINARIO DE SISTEMAS 1 - GRUPO D - INFO - Iniciando la realizacion de la conexion
2023-02-12 21:08:17,764 - PROYECTO 1, FASE 1 SEMINARIO DE SISTEMAS 1 - GRUPO D - INFO - Conexion realizada exitosamente
2023-02-12 21:08:59,417 - PROYECTO 1, FASE 1 SEMINARIO DE SISTEMAS 1 - GRUPO D - INFO - Iniciando nuestra aplicacion
2023-02-12 21:08:59,417 - PROYECTO 1, FASE 1 SEMINARIO DE SISTEMAS 1 - GRUPO D - INFO - ------------------------------ CONNECTION_STRING: ------------------------------
2023-02-12 21:08:59,417 - PROYECTO 1, FASE 1 SEMINARIO DE SISTEMAS 1 - GRUPO D - INFO - Iniciando la realizacion de la conexion
2023-02-12 21:08:59,461 - PROYECTO 1, FASE 1 SEMINARIO DE SISTEMAS 1 - GRUPO D - INFO - Conexion realizada exitosamente
2023-02-12 21:15:04,693 - PROYECTO 1, FASE 1 SEMINARIO DE SISTEMAS 1 - GRUPO D - INFO - Iniciando nuestra aplicacion
2023-02-12 21:15:04,693 - PROYECTO 1, FASE 1 SEMINARIO DE SISTEMAS 1 - GRUPO D - INFO - ------------------------------ CONNECTION_STRING: ------------------------------
2023-02-12 21:15:04,693 - PROYECTO 1, FASE 1 SEMINARIO DE SISTEMAS 1 - GRUPO D - INFO - Iniciando la realizacion de la conexion
2023-02-12 21:15:04,764 - PROYECTO 1, FASE 1 SEMINARIO DE SISTEMAS 1 - GRUPO D - INFO - Conexion realizada exitosamente
2023-02-12 21:17:11,564 - PROYECTO 1, FASE 1 SEMINARIO DE SISTEMAS 1 - GRUPO D - INFO - Iniciando nuestra aplicacion
2023-02-12 21:17:11,564 - PROYECTO 1, FASE 1 SEMINARIO DE SISTEMAS 1 - GRUPO D - INFO - ------------------------------ CONNECTION_STRING: ------------------------------
2023-02-12 21:17:11,564 - PROYECTO 1, FASE 1 SEMINARIO DE SISTEMAS 1 - GRUPO D - INFO - Iniciando la realizacion de la conexion
2023-02-12 21:17:11,610 - PROYECTO 1, FASE 1 SEMINARIO DE SISTEMAS 1 - GRUPO D - INFO - Conexion realizada exitosamente
2023-02-12 22:02:47,020 - PROYECTO 1, FASE 1 SEMINARIO DE SISTEMAS 1 - GRUPO D - INFO - Iniciando nuestra aplicacion
2023-02-12 22:02:47,021 - PROYECTO 1, FASE 1 SEMINARIO DE SISTEMAS 1 - GRUPO D - INFO - ------------------------------ CONNECTION_STRING: ------------------------------
2023-02-12 22:02:47,021 - PROYECTO 1, FASE 1 SEMINARIO DE SISTEMAS 1 - GRUPO D - INFO - Iniciando la realizacion de la conexion
2023-02-12 22:02:47,090 - PROYECTO 1, FASE 1 SEMINARIO DE SISTEMAS 1 - GRUPO D - INFO - Conexion realizada exitosamente
2023-02-12 22:03:45,886 - PROYECTO 1, FASE 1 SEMINARIO DE SISTEMAS 1 - GRUPO D - INFO - Iniciando nuestra aplicacion
2023-02-12 22:03:45,886 - PROYECTO 1, FASE 1 SEMINARIO DE SISTEMAS 1 - GRUPO D - INFO - ------------------------------ CONNECTION_STRING: ------------------------------
2023-02-12 22:03:45,887 - PROYECTO 1, FASE 1 SEMINARIO DE SISTEMAS 1 - GRUPO D - INFO - Iniciando la realizacion de la conexion
2023-02-12 22:03:45,953 - PROYECTO 1, FASE 1 SEMINARIO DE SISTEMAS 1 - GRUPO D - INFO - Conexion realizada exitosamente
2023-02-12 22:05:33,187 - PROYECTO 1, FASE 1 SEMINARIO DE SISTEMAS 1 - GRUPO D - INFO - Iniciando nuestra aplicacion
2023-02-12 22:05:33,187 - PROYECTO 1, FASE 1 SEMINARIO DE SISTEMAS 1 - GRUPO D - INFO - ------------------------------ CONNECTION_STRING: ------------------------------
2023-02-12 22:05:33,187 - PROYECTO 1, FASE 1 SEMINARIO DE SISTEMAS 1 - GRUPO D - INFO - Iniciando la realizacion de la conexion
2023-02-12 22:05:33,248 - PROYECTO 1, FASE 1 SEMINARIO DE SISTEMAS 1 - GRUPO D - INFO - Conexion realizada exitosamente
2023-02-12 22:06:17,977 - PROYECTO 1, FASE 1 SEMINARIO DE SISTEMAS 1 - GRUPO D - INFO - Iniciando nuestra aplicacion
2023-02-12 22:06:17,977 - PROYECTO 1, FASE 1 SEMINARIO DE SISTEMAS 1 - GRUPO D - INFO - ------------------------------ CONNECTION_STRING: ------------------------------
2023-02-12 22:06:17,977 - PROYECTO 1, FASE 1 SEMINARIO DE SISTEMAS 1 - GRUPO D - INFO - Iniciando la realizacion de la conexion
2023-02-12 22:06:18,026 - PROYECTO 1, FASE 1 SEMINARIO DE SISTEMAS 1 - GRUPO D - INFO - Conexion realizada exitosamente
2023-02-12 22:06:28,269 - PROYECTO 1, FASE 1 SEMINARIO DE SISTEMAS 1 - GRUPO D - INFO - Iniciando nuestra aplicacion
2023-02-12 22:06:28,269 - PROYECTO 1, FASE 1 SEMINARIO DE SISTEMAS 1 - GRUPO D - INFO - ------------------------------ CONNECTION_STRING: ------------------------------
2023-02-12 22:06:28,269 - PROYECTO 1, FASE 1 SEMINARIO DE SISTEMAS 1 - GRUPO D - INFO - Iniciando la realizacion de la conexion
2023-02-12 22:06:28,342 - PROYECTO 1, FASE 1 SEMINARIO DE SISTEMAS 1 - GRUPO D - INFO - Conexion realizada exitosamente
2023-02-12 22:07:30,544 - PROYECTO 1, FASE 1 SEMINARIO DE SISTEMAS 1 - GRUPO D - INFO - Iniciando nuestra aplicacion
2023-02-12 22:07:30,544 - PROYECTO 1, FASE 1 SEMINARIO DE SISTEMAS 1 - GRUPO D - INFO - ------------------------------ CONNECTION_STRING: ------------------------------
2023-02-12 22:07:30,544 - PROYECTO 1, FASE 1 SEMINARIO DE SISTEMAS 1 - GRUPO D - INFO - Iniciando la realizacion de la conexion
2023-02-12 22:07:30,599 - PROYECTO 1, FASE 1 SEMINARIO DE SISTEMAS 1 - GRUPO D - INFO - Conexion realizada exitosamente
2023-02-12 22:08:07,052 - PROYECTO 1, FASE 1 SEMINARIO DE SISTEMAS 1 - GRUPO D - INFO - Iniciando nuestra aplicacion
2023-02-12 22:08:07,052 - PROYECTO 1, FASE 1 SEMINARIO DE SISTEMAS 1 - GRUPO D - INFO - ------------------------------ CONNECTION_STRING: ------------------------------
2023-02-12 22:08:07,053 - PROYECTO 1, FASE 1 SEMINARIO DE SISTEMAS 1 - GRUPO D - INFO - Iniciando la realizacion de la conexion
2023-02-12 22:08:07,106 - PROYECTO 1, FASE 1 SEMINARIO DE SISTEMAS 1 - GRUPO D - INFO - Conexion realizada exitosamente
2023-02-12 22:09:02,995 - PROYECTO 1, FASE 1 SEMINARIO DE SISTEMAS 1 - GRUPO D - INFO - Iniciando nuestra aplicacion
2023-02-12 22:09:02,995 - PROYECTO 1, FASE 1 SEMINARIO DE SISTEMAS 1 - GRUPO D - INFO - ------------------------------ CONNECTION_STRING: ------------------------------
2023-02-12 22:09:02,995 - PROYECTO 1, FASE 1 SEMINARIO DE SISTEMAS 1 - GRUPO D - INFO - Iniciando la realizacion de la conexion
2023-02-12 22:09:03,048 - PROYECTO 1, FASE 1 SEMINARIO DE SISTEMAS 1 - GRUPO D - INFO - Conexion realizada exitosamente
2023-02-12 22:09:53,808 - PROYECTO 1, FASE 1 SEMINARIO DE SISTEMAS 1 - GRUPO D - INFO - Iniciando nuestra aplicacion
2023-02-12 22:09:53,809 - PROYECTO 1, FASE 1 SEMINARIO DE SISTEMAS 1 - GRUPO D - INFO - ------------------------------ CONNECTION_STRING: ------------------------------
2023-02-12 22:09:53,809 - PROYECTO 1, FASE 1 SEMINARIO DE SISTEMAS 1 - GRUPO D - INFO - Iniciando la realizacion de la conexion
2023-02-12 22:09:53,885 - PROYECTO 1, FASE 1 SEMINARIO DE SISTEMAS 1 - GRUPO D - INFO - Conexion realizada exitosamente
2023-02-12 22:09:55,848 - PROYECTO 1, FASE 1 SEMINARIO DE SISTEMAS 1 - GRUPO D - INFO - Fin de aplicación
2023-02-12 22:10:34,283 - PROYECTO 1, FASE 1 SEMINARIO DE SISTEMAS 1 - GRUPO D - INFO - Iniciando nuestra aplicacion
2023-02-12 22:10:34,283 - PROYECTO 1, FASE 1 SEMINARIO DE SISTEMAS 1 - GRUPO D - INFO - ------------------------------ CONNECTION_STRING: ------------------------------
2023-02-12 22:10:34,283 - PROYECTO 1, FASE 1 SEMINARIO DE SISTEMAS 1 - GRUPO D - INFO - Iniciando la realizacion de la conexion
2023-02-12 22:10:34,406 - PROYECTO 1, FASE 1 SEMINARIO DE SISTEMAS 1 - GRUPO D - INFO - Conexion realizada exitosamente
2023-02-12 22:11:23,212 - PROYECTO 1, FASE 1 SEMINARIO DE SISTEMAS 1 - GRUPO D - INFO - Iniciando nuestra aplicacion
2023-02-12 22:11:23,212 - PROYECTO 1, FASE 1 SEMINARIO DE SISTEMAS 1 - GRUPO D - INFO - ------------------------------ CONNECTION_STRING: ------------------------------
2023-02-12 22:11:23,212 - PROYECTO 1, FASE 1 SEMINARIO DE SISTEMAS 1 - GRUPO D - INFO - Iniciando la realizacion de la conexion
2023-02-12 22:11:23,270 - PROYECTO 1, FASE 1 SEMINARIO DE SISTEMAS 1 - GRUPO D - INFO - Conexion realizada exitosamente
2023-02-12 22:11:41,876 - PROYECTO 1, FASE 1 SEMINARIO DE SISTEMAS 1 - GRUPO D - INFO - Iniciando nuestra aplicacion
2023-02-12 22:11:41,876 - PROYECTO 1, FASE 1 SEMINARIO DE SISTEMAS 1 - GRUPO D - INFO - ------------------------------ CONNECTION_STRING: ------------------------------
2023-02-12 22:11:41,876 - PROYECTO 1, FASE 1 SEMINARIO DE SISTEMAS 1 - GRUPO D - INFO - Iniciando la realizacion de la conexion
2023-02-12 22:11:41,925 - PROYECTO 1, FASE 1 SEMINARIO DE SISTEMAS 1 - GRUPO D - INFO - Conexion realizada exitosamente
2023-02-12 22:11:43,759 - PROYECTO 1, FASE 1 SEMINARIO DE SISTEMAS 1 - GRUPO D - INFO - Fin de aplicación
2023-02-12 22:14:15,267 - PROYECTO 1, FASE 1 SEMINARIO DE SISTEMAS 1 - GRUPO D - INFO - Iniciando nuestra aplicacion
2023-02-12 22:14:15,287 - PROYECTO 1, FASE 1 SEMINARIO DE SISTEMAS 1 - GRUPO D - INFO - ------------------------------ CONNECTION_STRING: ------------------------------
2023-02-12 22:14:15,287 - PROYECTO 1, FASE 1 SEMINARIO DE SISTEMAS 1 - GRUPO D - INFO - Iniciando la realizacion de la conexion
2023-02-12 22:14:15,411 - PROYECTO 1, FASE 1 SEMINARIO DE SISTEMAS 1 - GRUPO D - INFO - Conexion realizada exitosamente
2023-02-12 22:14:55,275 - PROYECTO 1, FASE 1 SEMINARIO DE SISTEMAS 1 - GRUPO D - INFO - Iniciando nuestra aplicacion
2023-02-12 22:14:55,275 - PROYECTO 1, FASE 1 SEMINARIO DE SISTEMAS 1 - GRUPO D - INFO - ------------------------------ CONNECTION_STRING: ------------------------------
2023-02-12 22:14:55,275 - PROYECTO 1, FASE 1 SEMINARIO DE SISTEMAS 1 - GRUPO D - INFO - Iniciando la realizacion de la conexion
2023-02-12 22:14:55,349 - PROYECTO 1, FASE 1 SEMINARIO DE SISTEMAS 1 - GRUPO D - INFO - Conexion realizada exitosamente
2023-02-12 22:18:11,650 - PROYECTO 1, FASE 1 SEMINARIO DE SISTEMAS 1 - GRUPO D - INFO - Iniciando nuestra aplicacion
2023-02-12 22:18:11,650 - PROYECTO 1, FASE 1 SEMINARIO DE SISTEMAS 1 - GRUPO D - INFO - ------------------------------ CONNECTION_STRING: ------------------------------
2023-02-12 22:18:11,651 - PROYECTO 1, FASE 1 SEMINARIO DE SISTEMAS 1 - GRUPO D - INFO - Iniciando la realizacion de la conexion
2023-02-12 22:18:11,699 - PROYECTO 1, FASE 1 SEMINARIO DE SISTEMAS 1 - GRUPO D - INFO - Conexion realizada exitosamente
2023-02-12 22:19:17,146 - PROYECTO 1, FASE 1 SEMINARIO DE SISTEMAS 1 - GRUPO D - INFO - Iniciando nuestra aplicacion
2023-02-12 22:19:17,146 - PROYECTO 1, FASE 1 SEMINARIO DE SISTEMAS 1 - GRUPO D - INFO - ------------------------------ CONNECTION_STRING: ------------------------------
2023-02-12 22:19:17,146 - PROYECTO 1, FASE 1 SEMINARIO DE SISTEMAS 1 - GRUPO D - INFO - Iniciando la realizacion de la conexion
2023-02-12 22:19:17,200 - PROYECTO 1, FASE 1 SEMINARIO DE SISTEMAS 1 - GRUPO D - INFO - Conexion realizada exitosamente
2023-02-12 22:20:55,932 - PROYECTO 1, FASE 1 SEMINARIO DE SISTEMAS 1 - GRUPO D - INFO - Iniciando nuestra aplicacion
2023-02-12 22:20:55,932 - PROYECTO 1, FASE 1 SEMINARIO DE SISTEMAS 1 - GRUPO D - INFO - ------------------------------ CONNECTION_STRING: ------------------------------
2023-02-12 22:20:55,932 - PROYECTO 1, FASE 1 SEMINARIO DE SISTEMAS 1 - GRUPO D - INFO - Iniciando la realizacion de la conexion
2023-02-12 22:20:56,012 - PROYECTO 1, FASE 1 SEMINARIO DE SISTEMAS 1 - GRUPO D - INFO - Conexion realizada exitosamente
2023-02-12 22:25:18,044 - PROYECTO 1, FASE 1 SEMINARIO DE SISTEMAS 1 - GRUPO D - INFO - Iniciando nuestra aplicacion
2023-02-12 22:25:18,044 - PROYECTO 1, FASE 1 SEMINARIO DE SISTEMAS 1 - GRUPO D - INFO - ------------------------------ CONNECTION_STRING: ------------------------------
2023-02-12 22:25:18,044 - PROYECTO 1, FASE 1 SEMINARIO DE SISTEMAS 1 - GRUPO D - INFO - Iniciando la realizacion de la conexion
2023-02-12 22:25:18,118 - PROYECTO 1, FASE 1 SEMINARIO DE SISTEMAS 1 - GRUPO D - INFO - Conexion realizada exitosamente
2023-02-12 22:25:59,648 - PROYECTO 1, FASE 1 SEMINARIO DE SISTEMAS 1 - GRUPO D - INFO - Iniciando nuestra aplicacion
2023-02-12 22:25:59,648 - PROYECTO 1, FASE 1 SEMINARIO DE SISTEMAS 1 - GRUPO D - INFO - ------------------------------ CONNECTION_STRING: ------------------------------
2023-02-12 22:25:59,648 - PROYECTO 1, FASE 1 SEMINARIO DE SISTEMAS 1 - GRUPO D - INFO - Iniciando la realizacion de la conexion
2023-02-12 22:25:59,773 - PROYECTO 1, FASE 1 SEMINARIO DE SISTEMAS 1 - GRUPO D - INFO - Conexion realizada exitosamente
2023-02-12 22:27:43,839 - PROYECTO 1, FASE 1 SEMINARIO DE SISTEMAS 1 - GRUPO D - INFO - Iniciando nuestra aplicacion
2023-02-12 22:27:43,839 - PROYECTO 1, FASE 1 SEMINARIO DE SISTEMAS 1 - GRUPO D - INFO - ------------------------------ CONNECTION_STRING: ------------------------------
2023-02-12 22:27:43,839 - PROYECTO 1, FASE 1 SEMINARIO DE SISTEMAS 1 - GRUPO D - INFO - Iniciando la realizacion de la conexion
2023-02-12 22:27:43,891 - PROYECTO 1, FASE 1 SEMINARIO DE SISTEMAS 1 - GRUPO D - INFO - Conexion realizada exitosamente
2023-02-12 22:30:02,468 - PROYECTO 1, FASE 1 SEMINARIO DE SISTEMAS 1 - GRUPO D - INFO - Iniciando nuestra aplicacion
2023-02-12 22:30:02,468 - PROYECTO 1, FASE 1 SEMINARIO DE SISTEMAS 1 - GRUPO D - INFO - ------------------------------ CONNECTION_STRING: ------------------------------
2023-02-12 22:30:02,468 - PROYECTO 1, FASE 1 SEMINARIO DE SISTEMAS 1 - GRUPO D - INFO - Iniciando la realizacion de la conexion
2023-02-12 22:30:02,542 - PROYECTO 1, FASE 1 SEMINARIO DE SISTEMAS 1 - GRUPO D - INFO - Conexion realizada exitosamente
2023-02-12 22:31:17,309 - PROYECTO 1, FASE 1 SEMINARIO DE SISTEMAS 1 - GRUPO D - INFO - Iniciando nuestra aplicacion
2023-02-12 22:31:17,309 - PROYECTO 1, FASE 1 SEMINARIO DE SISTEMAS 1 - GRUPO D - INFO - ------------------------------ CONNECTION_STRING: ------------------------------
2023-02-12 22:31:17,310 - PROYECTO 1, FASE 1 SEMINARIO DE SISTEMAS 1 - GRUPO D - INFO - Iniciando la realizacion de la conexion
2023-02-12 22:31:17,366 - PROYECTO 1, FASE 1 SEMINARIO DE SISTEMAS 1 - GRUPO D - INFO - Conexion realizada exitosamente
2023-02-12 22:34:52,511 - PROYECTO 1, FASE 1 SEMINARIO DE SISTEMAS 1 - GRUPO D - INFO - Iniciando nuestra aplicacion
2023-02-12 22:34:52,512 - PROYECTO 1, FASE 1 SEMINARIO DE SISTEMAS 1 - GRUPO D - INFO - ------------------------------ CONNECTION_STRING: ------------------------------
2023-02-12 22:34:52,512 - PROYECTO 1, FASE 1 SEMINARIO DE SISTEMAS 1 - GRUPO D - INFO - Iniciando la realizacion de la conexion
2023-02-12 22:34:52,696 - PROYECTO 1, FASE 1 SEMINARIO DE SISTEMAS 1 - GRUPO D - INFO - Conexion realizada exitosamente
2023-02-12 22:36:26,688 - PROYECTO 1, FASE 1 SEMINARIO DE SISTEMAS 1 - GRUPO D - INFO - Iniciando nuestra aplicacion
2023-02-12 22:36:26,688 - PROYECTO 1, FASE 1 SEMINARIO DE SISTEMAS 1 - GRUPO D - INFO - ------------------------------ CONNECTION_STRING: ------------------------------
2023-02-12 22:36:26,688 - PROYECTO 1, FASE 1 SEMINARIO DE SISTEMAS 1 - GRUPO D - INFO - Iniciando la realizacion de la conexion
2023-02-12 22:36:26,744 - PROYECTO 1, FASE 1 SEMINARIO DE SISTEMAS 1 - GRUPO D - INFO - Conexion realizada exitosamente
2023-02-12 22:36:56,087 - PROYECTO 1, FASE 1 SEMINARIO DE SISTEMAS 1 - GRUPO D - INFO - Iniciando nuestra aplicacion
2023-02-12 22:36:56,087 - PROYECTO 1, FASE 1 SEMINARIO DE SISTEMAS 1 - GRUPO D - INFO - ------------------------------ CONNECTION_STRING: ------------------------------
2023-02-12 22:36:56,087 - PROYECTO 1, FASE 1 SEMINARIO DE SISTEMAS 1 - GRUPO D - INFO - Iniciando la realizacion de la conexion
2023-02-12 22:36:56,134 - PROYECTO 1, FASE 1 SEMINARIO DE SISTEMAS 1 - GRUPO D - INFO - Conexion realizada exitosamente
2023-02-12 22:38:09,092 - PROYECTO 1, FASE 1 SEMINARIO DE SISTEMAS 1 - GRUPO D - INFO - Iniciando nuestra aplicacion
2023-02-12 22:38:09,092 - PROYECTO 1, FASE 1 SEMINARIO DE SISTEMAS 1 - GRUPO D - INFO - ------------------------------ CONNECTION_STRING: ------------------------------
2023-02-12 22:38:09,092 - PROYECTO 1, FASE 1 SEMINARIO DE SISTEMAS 1 - GRUPO D - INFO - Iniciando la realizacion de la conexion
2023-02-12 22:38:09,148 - PROYECTO 1, FASE 1 SEMINARIO DE SISTEMAS 1 - GRUPO D - INFO - Conexion realizada exitosamente
2023-02-12 22:38:24,362 - PROYECTO 1, FASE 1 SEMINARIO DE SISTEMAS 1 - GRUPO D - INFO - Iniciando nuestra aplicacion
2023-02-12 22:38:24,363 - PROYECTO 1, FASE 1 SEMINARIO DE SISTEMAS 1 - GRUPO D - INFO - ------------------------------ CONNECTION_STRING: ------------------------------
2023-02-12 22:38:24,363 - PROYECTO 1, FASE 1 SEMINARIO DE SISTEMAS 1 - GRUPO D - INFO - Iniciando la realizacion de la conexion
2023-02-12 22:38:24,394 - PROYECTO 1, FASE 1 SEMINARIO DE SISTEMAS 1 - GRUPO D - INFO - Conexion realizada exitosamente
2023-02-12 22:39:21,747 - PROYECTO 1, FASE 1 SEMINARIO DE SISTEMAS 1 - GRUPO D - INFO - Iniciando nuestra aplicacion
2023-02-12 22:39:21,748 - PROYECTO 1, FASE 1 SEMINARIO DE SISTEMAS 1 - GRUPO D - INFO - ------------------------------ CONNECTION_STRING: ------------------------------
2023-02-12 22:39:21,748 - PROYECTO 1, FASE 1 SEMINARIO DE SISTEMAS 1 - GRUPO D - INFO - Iniciando la realizacion de la conexion
2023-02-12 22:39:21,795 - PROYECTO 1, FASE 1 SEMINARIO DE SISTEMAS 1 - GRUPO D - INFO - Conexion realizada exitosamente
2023-02-12 22:39:48,235 - PROYECTO 1, FASE 1 SEMINARIO DE SISTEMAS 1 - GRUPO D - INFO - Iniciando nuestra aplicacion
2023-02-12 22:39:48,235 - PROYECTO 1, FASE 1 SEMINARIO DE SISTEMAS 1 - GRUPO D - INFO - ------------------------------ CONNECTION_STRING: ------------------------------
2023-02-12 22:39:48,235 - PROYECTO 1, FASE 1 SEMINARIO DE SISTEMAS 1 - GRUPO D - INFO - Iniciando la realizacion de la conexion
2023-02-12 22:39:48,266 - PROYECTO 1, FASE 1 SEMINARIO DE SISTEMAS 1 - GRUPO D - INFO - Conexion realizada exitosamente
2023-02-12 22:42:02,977 - PROYECTO 1, FASE 1 SEMINARIO DE SISTEMAS 1 - GRUPO D - INFO - Iniciando nuestra aplicacion
2023-02-12 22:42:02,977 - PROYECTO 1, FASE 1 SEMINARIO DE SISTEMAS 1 - GRUPO D - INFO - ------------------------------ CONNECTION_STRING: ------------------------------
2023-02-12 22:42:02,977 - PROYECTO 1, FASE 1 SEMINARIO DE SISTEMAS 1 - GRUPO D - INFO - Iniciando la realizacion de la conexion
2023-02-12 22:42:03,029 - PROYECTO 1, FASE 1 SEMINARIO DE SISTEMAS 1 - GRUPO D - INFO - Conexion realizada exitosamente
2023-02-12 22:43:45,765 - PROYECTO 1, FASE 1 SEMINARIO DE SISTEMAS 1 - GRUPO D - INFO - Iniciando nuestra aplicacion
2023-02-12 22:43:45,765 - PROYECTO 1, FASE 1 SEMINARIO DE SISTEMAS 1 - GRUPO D - INFO - ------------------------------ CONNECTION_STRING: ------------------------------
2023-02-12 22:43:45,765 - PROYECTO 1, FASE 1 SEMINARIO DE SISTEMAS 1 - GRUPO D - INFO - Iniciando la realizacion de la conexion
2023-02-12 22:43:45,821 - PROYECTO 1, FASE 1 SEMINARIO DE SISTEMAS 1 - GRUPO D - INFO - Conexion realizada exitosamente
2023-02-12 22:44:28,756 - PROYECTO 1, FASE 1 SEMINARIO DE SISTEMAS 1 - GRUPO D - INFO - Iniciando nuestra aplicacion
2023-02-12 22:44:28,756 - PROYECTO 1, FASE 1 SEMINARIO DE SISTEMAS 1 - GRUPO D - INFO - ------------------------------ CONNECTION_STRING: ------------------------------
2023-02-12 22:44:28,756 - PROYECTO 1, FASE 1 SEMINARIO DE SISTEMAS 1 - GRUPO D - INFO - Iniciando la realizacion de la conexion
2023-02-12 22:44:28,808 - PROYECTO 1, FASE 1 SEMINARIO DE SISTEMAS 1 - GRUPO D - INFO - Conexion realizada exitosamente
2023-02-12 22:45:34,086 - PROYECTO 1, FASE 1 SEMINARIO DE SISTEMAS 1 - GRUPO D - INFO - Iniciando nuestra aplicacion
2023-02-12 22:45:34,088 - PROYECTO 1, FASE 1 SEMINARIO DE SISTEMAS 1 - GRUPO D - INFO - ------------------------------ CONNECTION_STRING: ------------------------------
2023-02-12 22:45:34,088 - PROYECTO 1, FASE 1 SEMINARIO DE SISTEMAS 1 - GRUPO D - INFO - Iniciando la realizacion de la conexion
2023-02-12 22:45:34,136 - PROYECTO 1, FASE 1 SEMINARIO DE SISTEMAS 1 - GRUPO D - INFO - Conexion realizada exitosamente
2023-02-12 22:46:19,803 - PROYECTO 1, FASE 1 SEMINARIO DE SISTEMAS 1 - GRUPO D - INFO - Iniciando nuestra aplicacion
2023-02-12 22:46:19,803 - PROYECTO 1, FASE 1 SEMINARIO DE SISTEMAS 1 - GRUPO D - INFO - ------------------------------ CONNECTION_STRING: ------------------------------
2023-02-12 22:46:19,803 - PROYECTO 1, FASE 1 SEMINARIO DE SISTEMAS 1 - GRUPO D - INFO - Iniciando la realizacion de la conexion
2023-02-12 22:46:19,843 - PROYECTO 1, FASE 1 SEMINARIO DE SISTEMAS 1 - GRUPO D - INFO - Conexion realizada exitosamente
2023-02-12 22:46:41,894 - PROYECTO 1, FASE 1 SEMINARIO DE SISTEMAS 1 - GRUPO D - INFO - Iniciando nuestra aplicacion
2023-02-12 22:46:41,894 - PROYECTO 1, FASE 1 SEMINARIO DE SISTEMAS 1 - GRUPO D - INFO - ------------------------------ CONNECTION_STRING: ------------------------------
2023-02-12 22:46:41,894 - PROYECTO 1, FASE 1 SEMINARIO DE SISTEMAS 1 - GRUPO D - INFO - Iniciando la realizacion de la conexion
2023-02-12 22:46:41,953 - PROYECTO 1, FASE 1 SEMINARIO DE SISTEMAS 1 - GRUPO D - INFO - Conexion realizada exitosamente
2023-02-12 22:47:06,334 - PROYECTO 1, FASE 1 SEMINARIO DE SISTEMAS 1 - GRUPO D - INFO - Iniciando nuestra aplicacion
2023-02-12 22:47:06,334 - PROYECTO 1, FASE 1 SEMINARIO DE SISTEMAS 1 - GRUPO D - INFO - ------------------------------ CONNECTION_STRING: ------------------------------
2023-02-12 22:47:06,335 - PROYECTO 1, FASE 1 SEMINARIO DE SISTEMAS 1 - GRUPO D - INFO - Iniciando la realizacion de la conexion
2023-02-12 22:47:06,368 - PROYECTO 1, FASE 1 SEMINARIO DE SISTEMAS 1 - GRUPO D - INFO - Conexion realizada exitosamente
2023-02-12 22:48:40,878 - PROYECTO 1, FASE 1 SEMINARIO DE SISTEMAS 1 - GRUPO D - INFO - Iniciando nuestra aplicacion
2023-02-12 22:48:40,878 - PROYECTO 1, FASE 1 SEMINARIO DE SISTEMAS 1 - GRUPO D - INFO - ------------------------------ CONNECTION_STRING: ------------------------------
2023-02-12 22:48:40,878 - PROYECTO 1, FASE 1 SEMINARIO DE SISTEMAS 1 - GRUPO D - INFO - Iniciando la realizacion de la conexion
2023-02-12 22:48:40,926 - PROYECTO 1, FASE 1 SEMINARIO DE SISTEMAS 1 - GRUPO D - INFO - Conexion realizada exitosamente
2023-02-12 22:49:03,080 - PROYECTO 1, FASE 1 SEMINARIO DE SISTEMAS 1 - GRUPO D - INFO - Iniciando nuestra aplicacion
2023-02-12 22:49:03,080 - PROYECTO 1, FASE 1 SEMINARIO DE SISTEMAS 1 - GRUPO D - INFO - ------------------------------ CONNECTION_STRING: ------------------------------
2023-02-12 22:49:03,080 - PROYECTO 1, FASE 1 SEMINARIO DE SISTEMAS 1 - GRUPO D - INFO - Iniciando la realizacion de la conexion
2023-02-12 22:49:03,126 - PROYECTO 1, FASE 1 SEMINARIO DE SISTEMAS 1 - GRUPO D - INFO - Conexion realizada exitosamente
2023-02-12 22:49:54,418 - PROYECTO 1, FASE 1 SEMINARIO DE SISTEMAS 1 - GRUPO D - INFO - Iniciando nuestra aplicacion
2023-02-12 22:49:54,419 - PROYECTO 1, FASE 1 SEMINARIO DE SISTEMAS 1 - GRUPO D - INFO - ------------------------------ CONNECTION_STRING: ------------------------------
2023-02-12 22:49:54,419 - PROYECTO 1, FASE 1 SEMINARIO DE SISTEMAS 1 - GRUPO D - INFO - Iniciando la realizacion de la conexion
2023-02-12 22:49:54,485 - PROYECTO 1, FASE 1 SEMINARIO DE SISTEMAS 1 - GRUPO D - INFO - Conexion realizada exitosamente
2023-02-12 22:50:36,576 - PROYECTO 1, FASE 1 SEMINARIO DE SISTEMAS 1 - GRUPO D - INFO - Iniciando nuestra aplicacion
2023-02-12 22:50:36,576 - PROYECTO 1, FASE 1 SEMINARIO DE SISTEMAS 1 - GRUPO D - INFO - ------------------------------ CONNECTION_STRING: ------------------------------
2023-02-12 22:50:36,576 - PROYECTO 1, FASE 1 SEMINARIO DE SISTEMAS 1 - GRUPO D - INFO - Iniciando la realizacion de la conexion
2023-02-12 22:50:36,627 - PROYECTO 1, FASE 1 SEMINARIO DE SISTEMAS 1 - GRUPO D - INFO - Conexion realizada exitosamente
2023-02-12 22:50:56,061 - PROYECTO 1, FASE 1 SEMINARIO DE SISTEMAS 1 - GRUPO D - INFO - Iniciando nuestra aplicacion
2023-02-12 22:50:56,061 - PROYECTO 1, FASE 1 SEMINARIO DE SISTEMAS 1 - GRUPO D - INFO - ------------------------------ CONNECTION_STRING: ------------------------------
2023-02-12 22:50:56,061 - PROYECTO 1, FASE 1 SEMINARIO DE SISTEMAS 1 - GRUPO D - INFO - Iniciando la realizacion de la conexion
2023-02-12 22:50:56,097 - PROYECTO 1, FASE 1 SEMINARIO DE SISTEMAS 1 - GRUPO D - INFO - Conexion realizada exitosamente
2023-02-12 22:52:53,998 - PROYECTO 1, FASE 1 SEMINARIO DE SISTEMAS 1 - GRUPO D - INFO - Iniciando nuestra aplicacion
2023-02-12 22:52:53,999 - PROYECTO 1, FASE 1 SEMINARIO DE SISTEMAS 1 - GRUPO D - INFO - ------------------------------ CONNECTION_STRING: ------------------------------
2023-02-12 22:52:53,999 - PROYECTO 1, FASE 1 SEMINARIO DE SISTEMAS 1 - GRUPO D - INFO - Iniciando la realizacion de la conexion
2023-02-12 22:52:54,048 - PROYECTO 1, FASE 1 SEMINARIO DE SISTEMAS 1 - GRUPO D - INFO - Conexion realizada exitosamente
2023-02-12 22:53:21,573 - PROYECTO 1, FASE 1 SEMINARIO DE SISTEMAS 1 - GRUPO D - INFO - Iniciando nuestra aplicacion
2023-02-12 22:53:21,574 - PROYECTO 1, FASE 1 SEMINARIO DE SISTEMAS 1 - GRUPO D - INFO - ------------------------------ CONNECTION_STRING: ------------------------------
2023-02-12 22:53:21,574 - PROYECTO 1, FASE 1 SEMINARIO DE SISTEMAS 1 - GRUPO D - INFO - Iniciando la realizacion de la conexion
2023-02-12 22:53:21,620 - PROYECTO 1, FASE 1 SEMINARIO DE SISTEMAS 1 - GRUPO D - INFO - Conexion realizada exitosamente
2023-02-12 22:55:14,825 - PROYECTO 1, FASE 1 SEMINARIO DE SISTEMAS 1 - GRUPO D - INFO - Iniciando nuestra aplicacion
2023-02-12 22:55:14,825 - PROYECTO 1, FASE 1 SEMINARIO DE SISTEMAS 1 - GRUPO D - INFO - ------------------------------ CONNECTION_STRING: ------------------------------
2023-02-12 22:55:14,825 - PROYECTO 1, FASE 1 SEMINARIO DE SISTEMAS 1 - GRUPO D - INFO - Iniciando la realizacion de la conexion
2023-02-12 22:55:14,873 - PROYECTO 1, FASE 1 SEMINARIO DE SISTEMAS 1 - GRUPO D - INFO - Conexion realizada exitosamente
2023-02-12 22:55:34,861 - PROYECTO 1, FASE 1 SEMINARIO DE SISTEMAS 1 - GRUPO D - INFO - Iniciando nuestra aplicacion
2023-02-12 22:55:34,861 - PROYECTO 1, FASE 1 SEMINARIO DE SISTEMAS 1 - GRUPO D - INFO - ------------------------------ CONNECTION_STRING: ------------------------------
2023-02-12 22:55:34,861 - PROYECTO 1, FASE 1 SEMINARIO DE SISTEMAS 1 - GRUPO D - INFO - Iniciando la realizacion de la conexion
2023-02-12 22:55:34,906 - PROYECTO 1, FASE 1 SEMINARIO DE SISTEMAS 1 - GRUPO D - INFO - Conexion realizada exitosamente
2023-02-12 23:01:01,485 - PROYECTO 1, FASE 1 SEMINARIO DE SISTEMAS 1 - GRUPO D - INFO - Iniciando nuestra aplicacion
2023-02-12 23:01:01,485 - PROYECTO 1, FASE 1 SEMINARIO DE SISTEMAS 1 - GRUPO D - INFO - ------------------------------ CONNECTION_STRING: ------------------------------
2023-02-12 23:01:01,485 - PROYECTO 1, FASE 1 SEMINARIO DE SISTEMAS 1 - GRUPO D - INFO - Iniciando la realizacion de la conexion
2023-02-12 23:01:01,532 - PROYECTO 1, FASE 1 SEMINARIO DE SISTEMAS 1 - GRUPO D - INFO - Conexion realizada exitosamente
2023-02-12 23:01:16,224 - PROYECTO 1, FASE 1 SEMINARIO DE SISTEMAS 1 - GRUPO D - INFO - Iniciando nuestra aplicacion
2023-02-12 23:01:16,225 - PROYECTO 1, FASE 1 SEMINARIO DE SISTEMAS 1 - GRUPO D - INFO - ------------------------------ CONNECTION_STRING: ------------------------------
2023-02-12 23:01:16,225 - PROYECTO 1, FASE 1 SEMINARIO DE SISTEMAS 1 - GRUPO D - INFO - Iniciando la realizacion de la conexion
2023-02-12 23:01:16,261 - PROYECTO 1, FASE 1 SEMINARIO DE SISTEMAS 1 - GRUPO D - INFO - Conexion realizada exitosamente
2023-02-12 23:01:31,995 - PROYECTO 1, FASE 1 SEMINARIO DE SISTEMAS 1 - GRUPO D - INFO - Iniciando nuestra aplicacion
2023-02-12 23:01:31,995 - PROYECTO 1, FASE 1 SEMINARIO DE SISTEMAS 1 - GRUPO D - INFO - ------------------------------ CONNECTION_STRING: ------------------------------
2023-02-12 23:01:31,995 - PROYECTO 1, FASE 1 SEMINARIO DE SISTEMAS 1 - GRUPO D - INFO - Iniciando la realizacion de la conexion
2023-02-12 23:01:32,035 - PROYECTO 1, FASE 1 SEMINARIO DE SISTEMAS 1 - GRUPO D - INFO - Conexion realizada exitosamente
2023-02-12 23:01:59,506 - PROYECTO 1, FASE 1 SEMINARIO DE SISTEMAS 1 - GRUPO D - INFO - Iniciando nuestra aplicacion
2023-02-12 23:01:59,506 - PROYECTO 1, FASE 1 SEMINARIO DE SISTEMAS 1 - GRUPO D - INFO - ------------------------------ CONNECTION_STRING: ------------------------------
2023-02-12 23:01:59,506 - PROYECTO 1, FASE 1 SEMINARIO DE SISTEMAS 1 - GRUPO D - INFO - Iniciando la realizacion de la conexion
2023-02-12 23:01:59,567 - PROYECTO 1, FASE 1 SEMINARIO DE SISTEMAS 1 - GRUPO D - INFO - Conexion realizada exitosamente
2023-02-12 23:02:35,091 - PROYECTO 1, FASE 1 SEMINARIO DE SISTEMAS 1 - GRUPO D - INFO - Iniciando nuestra aplicacion
2023-02-12 23:02:35,091 - PROYECTO 1, FASE 1 SEMINARIO DE SISTEMAS 1 - GRUPO D - INFO - ------------------------------ CONNECTION_STRING: ------------------------------
2023-02-12 23:02:35,091 - PROYECTO 1, FASE 1 SEMINARIO DE SISTEMAS 1 - GRUPO D - INFO - Iniciando la realizacion de la conexion
2023-02-12 23:02:35,142 - PROYECTO 1, FASE 1 SEMINARIO DE SISTEMAS 1 - GRUPO D - INFO - Conexion realizada exitosamente
2023-02-12 23:05:05,804 - PROYECTO 1, FASE 1 SEMINARIO DE SISTEMAS 1 - GRUPO D - INFO - Iniciando nuestra aplicacion
2023-02-12 23:05:05,804 - PROYECTO 1, FASE 1 SEMINARIO DE SISTEMAS 1 - GRUPO D - INFO - ------------------------------ CONNECTION_STRING: ------------------------------
2023-02-12 23:05:05,804 - PROYECTO 1, FASE 1 SEMINARIO DE SISTEMAS 1 - GRUPO D - INFO - Iniciando la realizacion de la conexion
2023-02-12 23:05:05,856 - PROYECTO 1, FASE 1 SEMINARIO DE SISTEMAS 1 - GRUPO D - INFO - Conexion realizada exitosamente
2023-02-12 23:06:56,284 - PROYECTO 1, FASE 1 SEMINARIO DE SISTEMAS 1 - GRUPO D - INFO - Iniciando nuestra aplicacion
2023-02-12 23:06:56,284 - PROYECTO 1, FASE 1 SEMINARIO DE SISTEMAS 1 - GRUPO D - INFO - ------------------------------ CONNECTION_STRING: ------------------------------
2023-02-12 23:06:56,284 - PROYECTO 1, FASE 1 SEMINARIO DE SISTEMAS 1 - GRUPO D - INFO - Iniciando la realizacion de la conexion
2023-02-12 23:06:56,331 - PROYECTO 1, FASE 1 SEMINARIO DE SISTEMAS 1 - GRUPO D - INFO - Conexion realizada exitosamente
2023-02-12 23:12:35,664 - PROYECTO 1, FASE 1 SEMINARIO DE SISTEMAS 1 - GRUPO D - INFO - Iniciando nuestra aplicacion
2023-02-12 23:12:35,665 - PROYECTO 1, FASE 1 SEMINARIO DE SISTEMAS 1 - GRUPO D - INFO - ------------------------------ CONNECTION_STRING: ------------------------------
2023-02-12 23:12:35,665 - PROYECTO 1, FASE 1 SEMINARIO DE SISTEMAS 1 - GRUPO D - INFO - Iniciando la realizacion de la conexion
2023-02-12 23:12:35,846 - PROYECTO 1, FASE 1 SEMINARIO DE SISTEMAS 1 - GRUPO D - INFO - Conexion realizada exitosamente
2023-02-12 23:13:01,143 - PROYECTO 1, FASE 1 SEMINARIO DE SISTEMAS 1 - GRUPO D - INFO - Iniciando nuestra aplicacion
2023-02-12 23:13:01,143 - PROYECTO 1, FASE 1 SEMINARIO DE SISTEMAS 1 - GRUPO D - INFO - ------------------------------ CONNECTION_STRING: ------------------------------
2023-02-12 23:13:01,143 - PROYECTO 1, FASE 1 SEMINARIO DE SISTEMAS 1 - GRUPO D - INFO - Iniciando la realizacion de la conexion
2023-02-12 23:13:01,190 - PROYECTO 1, FASE 1 SEMINARIO DE SISTEMAS 1 - GRUPO D - INFO - Conexion realizada exitosamente
2023-02-12 23:15:15,464 - PROYECTO 1, FASE 1 SEMINARIO DE SISTEMAS 1 - GRUPO D - INFO - Iniciando nuestra aplicacion
2023-02-12 23:15:15,464 - PROYECTO 1, FASE 1 SEMINARIO DE SISTEMAS 1 - GRUPO D - INFO - ------------------------------ CONNECTION_STRING: ------------------------------
2023-02-12 23:15:15,464 - PROYECTO 1, FASE 1 SEMINARIO DE SISTEMAS 1 - GRUPO D - INFO - Iniciando la realizacion de la conexion
2023-02-12 23:15:15,556 - PROYECTO 1, FASE 1 SEMINARIO DE SISTEMAS 1 - GRUPO D - INFO - Conexion realizada exitosamente
2023-02-12 23:15:43,451 - PROYECTO 1, FASE 1 SEMINARIO DE SISTEMAS 1 - GRUPO D - INFO - Iniciando nuestra aplicacion
2023-02-12 23:15:43,451 - PROYECTO 1, FASE 1 SEMINARIO DE SISTEMAS 1 - GRUPO D - INFO - ------------------------------ CONNECTION_STRING: ------------------------------
2023-02-12 23:15:43,451 - PROYECTO 1, FASE 1 SEMINARIO DE SISTEMAS 1 - GRUPO D - INFO - Iniciando la realizacion de la conexion
2023-02-12 23:15:43,484 - PROYECTO 1, FASE 1 SEMINARIO DE SISTEMAS 1 - GRUPO D - INFO - Conexion realizada exitosamente
2023-02-12 23:16:46,896 - PROYECTO 1, FASE 1 SEMINARIO DE SISTEMAS 1 - GRUPO D - INFO - Iniciando nuestra aplicacion
2023-02-12 23:16:46,897 - PROYECTO 1, FASE 1 SEMINARIO DE SISTEMAS 1 - GRUPO D - INFO - ------------------------------ CONNECTION_STRING: ------------------------------
2023-02-12 23:16:46,897 - PROYECTO 1, FASE 1 SEMINARIO DE SISTEMAS 1 - GRUPO D - INFO - Iniciando la realizacion de la conexion
2023-02-12 23:16:46,945 - PROYECTO 1, FASE 1 SEMINARIO DE SISTEMAS 1 - GRUPO D - INFO - Conexion realizada exitosamente
2023-02-12 23:20:44,174 - PROYECTO 1, FASE 1 SEMINARIO DE SISTEMAS 1 - GRUPO D - INFO - Iniciando nuestra aplicacion
2023-02-12 23:20:44,174 - PROYECTO 1, FASE 1 SEMINARIO DE SISTEMAS 1 - GRUPO D - INFO - ------------------------------ CONNECTION_STRING: ------------------------------
2023-02-12 23:20:44,174 - PROYECTO 1, FASE 1 SEMINARIO DE SISTEMAS 1 - GRUPO D - INFO - Iniciando la realizacion de la conexion
2023-02-12 23:20:44,264 - PROYECTO 1, FASE 1 SEMINARIO DE SISTEMAS 1 - GRUPO D - INFO - Conexion realizada exitosamente
